<?xml version="1.0" encoding="UTF-8"?>
<!-- Generated by org.testng.reporters.JUnitXMLReporter -->
<testsuite hostname="DESKTOP-TJKDFOT" ignored="0" name="load" tests="3" failures="0" timestamp="2022-07-14T22:17:05 IST" time="8.342" errors="0">
  <testcase name="typeEnter" time="0.132" classname="RoughNotes.ParallelTest"/>
  <testcase name="load" time="4.44" classname="RoughNotes.ParallelTest"/>
  <testcase name="getUrl" time="8.136" classname="RoughNotes.ParallelTest"/>
</testsuite> <!-- load -->
