<?xml version="1.0" encoding="UTF-8"?>
<!-- Generated by org.testng.reporters.JUnitXMLReporter -->
<testsuite hostname="DESKTOP-TJKDFOT" ignored="0" name="test2" tests="5" failures="0" timestamp="2022-07-14T23:09:00 IST" time="38.911" errors="0">
  <testcase name="screenShot" time="2.228" classname="RoughNotes.ParallelTest"/>
  <testcase name="getUrl" time="16.945" classname="RoughNotes.ParallelTest"/>
  <testcase name="load" time="0.45" classname="RoughNotes.ParallelTest"/>
  <testcase name="keyPress" time="0.079" classname="RoughNotes.ParallelTest"/>
  <testcase name="urlFind" time="38.766" classname="RoughNotes.ParallelTest"/>
</testsuite> <!-- test2 -->
